<?xml version="1.0" encoding="utf-8"?><testsuites name="pytest tests"><testsuite name="pytest" errors="0" failures="3" skipped="0" tests="15" time="52.578" timestamp="2026-09-04T16:40:24.224416+00:00" hostname="agent-env-60597249-cfec-463d-82f2-41fdebf8f027"><testcase classname="backend.tests.test_tata_mitra_api" name="test_health" time="0.178" /><testcase classname="backend.tests.test_tata_mitra_api" name="test_emi_calc" time="2.995" /><testcase classname="backend.tests.test_tata_mitra_api" name="test_max_loan_missing_income" time="1.269" /><testcase classname="backend.tests.test_tata_mitra_api" name="test_dti" time="1.453" /><testcase classname="backend.tests.test_tata_mitra_api" name="test_assessment" time="6.233" /><testcase classname="backend.tests.test_tata_mitra_api" name="test_general_llm" time="4.998"><failure message="AssertionError: assert 'policy' == 'general'&#10;  &#10;  - general&#10;  + policy">backend/tests/test_tata_mitra_api.py:72: in test_general_llm
    assert d.get("type") == "general"
E   AssertionError: assert 'policy' == 'general'
E     
E     - general
E     + policy</failure></testcase><testcase classname="backend.tests.test_tata_mitra_api" name="test_policy_gold_loan_ltv" time="4.330" /><testcase classname="backend.tests.test_tata_mitra_api" name="test_rag_ask_supported" time="4.671"><failure message="AssertionError: UNSUPPORTED&#10;assert 'UNSUPPORTED' in ('SUPPORTED', 'PARTIALLY_SUPPORTED')&#10; +  where 'UNSUPPORTED' = &lt;built-in method get of dict object at 0xfee0d3394100&gt;('support_level')&#10; +    where &lt;built-in method get of dict object at 0xfee0d3394100&gt; = {'question': 'What documents are required for a personal loan?', 'answer': &quot;I couldn't verify this information from the available policy documents. Please consult an official bank representative or provide relevant policy documents.&quot;, 'is_verified': False, 'support_level': 'UNSUPPORTED', ...}.get">backend/tests/test_tata_mitra_api.py:95: in test_rag_ask_supported
    assert d.get("support_level") in ("SUPPORTED", "PARTIALLY_SUPPORTED"), d.get("support_level")
E   AssertionError: UNSUPPORTED
E   assert 'UNSUPPORTED' in ('SUPPORTED', 'PARTIALLY_SUPPORTED')
E    +  where 'UNSUPPORTED' = &lt;built-in method get of dict object at 0xfee0d3394100&gt;('support_level')
E    +    where &lt;built-in method get of dict object at 0xfee0d3394100&gt; = {'question': 'What documents are required for a personal loan?', 'answer': "I couldn't verify this information from the available policy documents. Please consult an official bank representative or provide relevant policy documents.", 'is_verified': False, 'support_level': 'UNSUPPORTED', ...}.get</failure></testcase><testcase classname="backend.tests.test_tata_mitra_api" name="test_rag_unsupported" time="1.662" /><testcase classname="backend.tests.test_tata_mitra_api" name="test_multilingual_hindi" time="3.112" /><testcase classname="backend.tests.test_tata_mitra_api" name="test_multilingual_marathi" time="21.224" /><testcase classname="backend.tests.test_tata_mitra_api" name="test_loan_products" time="0.056"><failure message="AssertionError: missing SBI in {''}&#10;assert False&#10; +  where False = any(&lt;generator object test_loan_products.&lt;locals&gt;.&lt;genexpr&gt; at 0xfee0d34a1540&gt;)">backend/tests/test_tata_mitra_api.py:135: in test_loan_products
    assert any(expected.lower() in b.lower() for b in banks), f"missing {expected} in {banks}"
E   AssertionError: missing SBI in {''}
E   assert False
E    +  where False = any(&lt;generator object test_loan_products.&lt;locals&gt;.&lt;genexpr&gt; at 0xfee0d34a1540&gt;)</failure></testcase><testcase classname="backend.tests.test_tata_mitra_api" name="test_search_stats" time="0.045" /><testcase classname="backend.tests.test_tata_mitra_api" name="test_admin_docs_forbidden" time="0.131" /><testcase classname="backend.tests.test_tata_mitra_api" name="test_admin_docs_ok" time="0.115" /></testsuite></testsuites>